<?xml version="1.0" encoding="UTF-8"?>
<!-- Generated by org.testng.reporters.JUnitReportReporter -->
<testsuite skipped="0" hostname="gaowenjuandeMacBook-Pro.local" name="com.gao.Case.HomeCase" tests="1" failures="0" timestamp="09 三月 2021 15:55:51 GMT" time="18.378" errors="0">
  <testcase name="Home_Case1" time="18.378" classname="com.gao.Case.HomeCase"/>
</testsuite> <!-- com.gao.Case.HomeCase -->
