<?xml version="1.0" encoding="UTF-8"?>
<!-- Generated by org.testng.reporters.JUnitReportReporter -->
<testsuite skipped="0" hostname="gaowenjuandeMacBook-Pro.local" name="com.gao.Case.LogoutCase" tests="1" failures="0" timestamp="08 三月 2021 11:52:20 GMT" time="14.288" errors="0">
  <testcase name="Logout_Case" time="14.288" classname="com.gao.Case.LogoutCase"/>
</testsuite> <!-- com.gao.Case.LogoutCase -->
