<?xml version="1.0" encoding="UTF-8"?>
<!-- Generated by org.testng.reporters.JUnitReportReporter -->
<testsuite skipped="0" hostname="gaowenjuandeMacBook-Pro.local" name="com.gao.Case.HomeCase" tests="1" failures="0" timestamp="14 三月 2021 04:45:54 GMT" time="18.536" errors="0">
  <testcase name="Home_Case1" time="18.536" classname="com.gao.Case.HomeCase"/>
</testsuite> <!-- com.gao.Case.HomeCase -->
