<?xml version="1.0" encoding="UTF-8"?>
<!-- Generated by org.testng.reporters.JUnitReportReporter -->
<testsuite skipped="0" hostname="gaowenjuandeMacBook-Pro.local" name="com.gao.Case.SearchCase" tests="1" failures="0" timestamp="14 三月 2021 04:45:59 GMT" time="57.579" errors="0">
  <testcase name="Search_Case" time="57.579" classname="com.gao.Case.SearchCase"/>
</testsuite> <!-- com.gao.Case.SearchCase -->
