<?xml version="1.0" encoding="UTF-8"?>
<!-- Generated by org.testng.reporters.JUnitReportReporter -->
<testsuite skipped="0" hostname="gaowenjuandeMacBook-Pro.local" name="com.gao.Case.HomeCase" tests="1" failures="0" timestamp="12 三月 2021 14:45:00 GMT" time="18.568" errors="0">
  <testcase name="Home_Case1" time="18.568" classname="com.gao.Case.HomeCase"/>
</testsuite> <!-- com.gao.Case.HomeCase -->
