<?xml version="1.0" encoding="UTF-8"?>
<!-- Generated by org.testng.reporters.JUnitReportReporter -->
<testsuite skipped="0" hostname="gaowenjuandeMacBook-Pro.local" name="com.gao.Case.LoginCase" tests="1" failures="0" timestamp="07 三月 2021 12:20:10 GMT" time="28.501" errors="0">
  <testcase name="UserLogin_Case" time="28.501" classname="com.gao.Case.LoginCase"/>
</testsuite> <!-- com.gao.Case.LoginCase -->
