<?xml version="1.0" encoding="UTF-8"?>
<!-- Generated by org.testng.reporters.JUnitReportReporter -->
<testsuite skipped="0" hostname="gaowenjuandeMacBook-Pro.local" name="com.gao.Case.SearchCase" tests="1" failures="0" timestamp="08 三月 2021 12:07:49 GMT" time="16.087" errors="0">
  <testcase name="Search_Case" time="16.087" classname="com.gao.Case.SearchCase"/>
</testsuite> <!-- com.gao.Case.SearchCase -->
